0.000000000000000000e+00 1.500000000000000000e+01 1.600000000000000000e+01 2.600000000000000000e+01 2.800000000000000000e+01 2.900000000000000000e+01 3.100000000000000000e+01 3.200000000000000000e+01 6.400000000000000000e+01
0.000000000000000000e+00 0.000000000000000000e+00 0.000000000000000000e+00 0.000000000000000000e+00 0.000000000000000000e+00 0.000000000000000000e+00 0.000000000000000000e+00 0.000000000000000000e+00 0.000000000000000000e+00
8.080808080808081495e-02 4.621411072127225381e-04 1.281062214441387086e-03 1.268580809859168280e-03 9.509428263356314078e-04 1.188157051463659521e-03 4.272811842908135166e-04 8.270005372011184856e-04 4.401089339715491154e-04
1.616161616161616299e-01 9.210532376196866418e-04 2.556460657901974201e-03 2.518156223520590618e-03 1.890426572133298158e-03 2.328605924662331163e-03 8.414988930434174133e-04 1.634256044975630155e-03 8.719424514203384007e-04
2.424242424242424310e-01 1.376768537143177595e-03 3.826231732134018591e-03 3.749102699156166806e-03 2.818639368198925729e-03 3.420152876135227390e-03 1.243055046927566071e-03 2.422318772177635762e-03 1.295697178858741354e-03
3.232323232323232598e-01 1.829318748186083967e-03 5.090411537050713343e-03 4.961788208636329529e-03 3.735765669293194483e-03 4.461945921634368796e-03 1.632346560754136932e-03 3.191727390045841651e-03 1.711564832280287928e-03
4.040404040404040886e-01 2.278735215567183510e-03 6.349035873745053141e-03 6.156572423779117613e-03 4.641986331013654710e-03 5.453506700237809902e-03 2.009764427387478528e-03 3.943006985779232317e-03 2.119732309790375250e-03
4.848484848484848619e-01 2.725048892361397763e-03 7.602140247466779126e-03 7.333806900130451951e-03 5.537478685214265728e-03 6.394748901709009122e-03 2.375692920591983715e-03 4.676669097403596959e-03 2.520381785916379642e-03
5.656565656565657463e-01 3.168290345644570512e-03 8.849759870579350374e-03 8.493835258158501447e-03 6.422416613969536905e-03 7.285981632644408616e-03 2.730508910862910251e-03 5.393211785663475435e-03 2.913690807205737178e-03
6.464646464646465196e-01 3.608489762143883908e-03 1.009192966546700737e-02 9.636993361760720286e-03 7.296970622097861785e-03 8.127897419577603810e-03 3.074581287589773018e-03 6.093119738920855198e-03 3.299832388754494680e-03
7.272727272727272929e-01 4.045676953798164367e-03 1.132868426742785102e-02 1.076360949399284873e-02 8.161307908258544352e-03 8.921545917605805051e-03 3.408270480423055207e-03 6.776864407292462408e-03 3.678975111339903570e-03
8.080808080808081773e-01 4.479881363225394000e-03 1.256005802751502046e-02 1.187400452994952574e-02 9.015592434634917690e-03 9.668295595790453792e-03 3.731928072432237967e-03 7.444904162508807210e-03 4.051283218861381416e-03
8.888888888888889506e-01 4.911132069105476894e-03 1.378608501535989045e-02 1.296849210673073696e-02 9.859984995222280044e-03 1.036978653039270261e-02 4.045896497529737242e-03 8.097684480225020298e-03 4.416916715821007401e-03
9.696969696969697239e-01 5.339457791471328291e-03 1.500679902194336328e-02 1.404737879044627019e-02 1.069464328273561811e-02 1.102787785740778036e-02 4.350508814662513123e-03 8.735638141756782091e-03 4.776031464601754664e-03
1.050505050505050608e+00 5.764886896915888230e-03 1.622223356236915728e-02 1.511096424021608417e-02 1.151972195415378736e-02 1.164459341220644602e-02 4.646088551416844951e-03 9.359185452450510118e-03 5.128779282325670631e-03
1.131313131313131493e+00 6.187447403717523386e-03 1.743242187856321873e-02 1.615954136913620373e-02 1.233537269492063562e-02 1.222206869071729499e-02 4.932949609917639672e-03 9.968734474123126105e-03 5.475308037096416128e-03
1.212121212121212155e+00 6.607166986877997111e-03 1.863739694198112209e-02 1.719339650219003229e-02 1.314174428181909098e-02 1.276250162623884798e-02 5.211396228210719503e-03 1.056468126922509125e-02 5.815761743452834906e-03
1.292929292929293039e+00 7.024072983082631054e-03 1.983719145625556513e-02 1.821280953108778133e-02 1.393898264453882242e-02 1.326810892424016425e-02 5.481722990676110227e-03 1.114741015458679298e-02 6.150280656878471912e-03
1.373737373737373924e+00 7.438192395577952060e-03 2.103183785982989940e-02 1.921805406603177904e-02 1.472723092595646342e-02 1.374108895341048277e-02 5.744214881415837110e-03 1.171729396280433814e-02 6.479001367230285101e-03
1.454545454545454586e+00 7.849551898973093633e-03 2.222136832856370925e-02 2.020939758440492423e-02 1.550662954114783582e-02 1.418359153999157116e-02 5.999147374977273871e-03 1.227469430950522619e-02 6.802056890967802909e-03
1.535353535353535470e+00 8.258177843961373235e-03 2.340581477829244486e-02 2.118710157638917582e-02 1.627731623515397269e-02 1.459769450095353346e-02 6.246786559201111463e-03 1.281996186490816543e-02 7.119576762077002054e-03
1.616161616161616355e+00 8.664096261967854998e-03 2.458520886737510305e-02 2.215142168752689752e-02 1.703942613951848692e-02 1.498538639313553786e-02 6.487389285412023532e-03 1.335343662825172126e-02 7.431687121599491949e-03
1.696969696969697017e+00 9.067332869721556055e-03 2.575958199920396624e-02 2.310260785824062163e-02 1.779309182761896688e-02 1.534855473927410237e-02 6.721203341592022276e-03 1.387544820381834791e-02 7.738510805689141799e-03
1.777777777777777901e+00 9.467913073752977360e-03 2.692896532469037096e-02 2.404090446033386314e-02 1.853844336881401919e-02 1.568897889335744630e-02 6.948467644586384974e-03 1.438631607741901360e-02 8.040167432130982880e-03
1.858585858585858785e+00 9.865861974821862196e-03 2.809338974471653830e-02 2.496655043049603520e-02 1.927560838142240371e-02 1.600832669739157485e-02 7.169412447783968766e-03 1.488634989233279630e-02 8.336773485267240033e-03
1.939393939393939448e+00 1.026120437227229405e-02 2.925288591257144827e-02 2.587977940084377343e-02 2.000471208455970040e-02 1.630815413079837045e-02 7.384259561085888476e-03 1.537584972381468747e-02 8.628442399286423425e-03
2.020202020202020332e+00 1.065396476831869006e-02 3.040748423634276332e-02 2.678081982652662923e-02 2.072587734885204119e-02 1.658990723794128222e-02 7.593222580326249894e-03 1.585510635139354349e-02 8.915284639839303818e-03
2.101010101010101216e+00 1.104416737226271081e-02 3.155721488129878405e-02 2.766989511043603522e-02 2.143922474604541620e-02 1.685492571993060795e-02 7.796507123633682548e-03 1.632440152828264560e-02 9.197407783953949825e-03
2.181818181818182101e+00 1.143183610464397655e-02 3.270210777222846282e-02 2.854722372505140784e-02 2.214487259753391418e-02 1.710444768066975152e-02 7.994311072524473011e-03 1.678400824731552526e-02 9.474916598230619449e-03
2.262626262626262985e+00 1.181699460132304078e-02 3.384219259576748406e-02 2.941301933146680744e-02 2.284293702182725941e-02 1.733961511558491236e-02 8.186824815794675400e-03 1.723419100290353792e-02 9.747913115301884771e-03
2.343434343434343425e+00 1.219966621750107581e-02 3.497749880269430955e-02 3.026749089563474451e-02 2.353353198097646662e-02 1.756147981984952991e-02 8.374231494531718736e-03 1.767520604858612704e-02 1.001649670855133539e-02
2.424242424242424310e+00 1.257987403167404837e-02 3.610805561019438809e-02 3.111084280187535744e-02 2.421676932597976659e-02 1.777100946904434584e-02 8.556707246796203467e-03 1.810730164981387211e-02 1.028076416508857775e-02
2.505050505050505194e+00 1.295764084952428889e-02 3.723389200411227756e-02 3.194327496369207819e-02 2.489275884118856419e-02 1.796909368872049578e-02 8.734421450732516440e-03 1.853071833166454463e-02 1.054080975698325207e-02
2.585858585858586078e+00 1.333298920775212101e-02 3.835503674116391704e-02 3.276498293194099465e-02 2.556160828773312507e-02 1.815654998096465772e-02 8.907536965053756278e-03 1.894568912124937332e-02 1.079672531076561991e-02
2.666666666666666963e+00 1.370594137784401402e-02 3.947151835113089924e-02 3.357615800039848164e-02 2.622342344598786040e-02 1.833412941707628779e-02 9.076210366014482098e-03 1.935243978461460498e-02 1.104860027520402840e-02
2.747474747474747847e+00 1.407651936978212073e-02 4.058336513903675058e-02 3.437698730877868786e-02 2.687830815709682866e-02 1.850252203736452161e-02 9.240592180133634301e-03 1.975118905798944544e-02 1.129652178737470744e-02
2.828282828282828731e+00 1.444474493569638043e-02 4.169060518728729542e-02 3.516765394324351812e-02 2.752636436357766905e-02 1.866236192337732830e-02 9.400827112062904584e-03 2.014214887327006251e-02 1.154057473704009698e-02
2.909090909090909172e+00 1.481063957345778864e-02 4.279326635780106997e-02 3.594833703445762113e-02 2.816769214902401994e-02 1.881423192600650135e-02 9.557054267112870607e-03 2.052552457766467983e-02 1.178084182935684558e-02
2.989898989898990056e+00 1.517422453021488767e-02 4.389137629409574359e-02 3.671921185323658021e-02 2.880238977692496649e-02 1.895866804612069897e-02 9.709407368052274181e-03 2.090151514745636208e-02 1.201740364593515895e-02
3.070707070707070940e+00 1.553552080587435394e-02 4.498496242337456097e-02 3.748044990383296582e-02 2.943055372862023178e-02 1.909616347373252823e-02 9.858014965885970177e-03 2.127031339586703956e-02 1.225033870427412290e-02
3.151515151515151825e+00 1.589454915652836059e-02 4.607405195857491864e-02 3.823221901491667685e-02 3.005227874041043259e-02 1.922717229808793352e-02 1.000300064439600504e-02 2.163210617503077624e-02 1.247972351559889330e-02
3.232323232323232709e+00 1.625133009782627272e-02 4.715867190040085033e-02 3.897468342829155108e-02 3.066765783983897709e-02 1.935211290519459754e-02 1.014448321829827457e-02 2.198707457210510516e-02 1.270563264112735229e-02
3.313131313131313593e+00 1.660588390829446578e-02 4.823884903932364882e-02 3.970800388540007830e-02 3.127678238116449877e-02 1.947137108175217568e-02 1.028257692492618586e-02 2.233539409956786931e-02 1.292813874679494233e-02
3.393939393939394034e+00 1.695823063260381430e-02 4.931460995758048943e-02 4.043233771166460100e-02 3.187974208004194093e-02 1.958530284565971474e-02 1.041739160940333836e-02 2.267723487976249994e-02 1.314731265646715448e-02
3.474747474747474918e+00 1.730839008478642430e-02 5.038598103112707643e-02 4.114783889871391487e-02 3.247662504742916678e-02 1.969423702360238032e-02 1.054903290331017651e-02 2.301276182376872301e-02 1.336322340367029210e-02
3.555555555555555802e+00 1.765638185140139607e-02 5.145298843158237212e-02 4.185465818453894260e-02 3.306751782273400359e-02 1.979847759592605339e-02 1.067760239688609301e-02 2.334213480468645685e-02 1.357593828187189829e-02
3.636363636363636687e+00 1.800222529465205293e-02 5.251565812815729012e-02 4.255294313163151404e-02 3.365250540622365810e-02 1.989830582829684585e-02 1.080319780483899282e-02 2.366550882543105166e-02 1.378552289334175271e-02
3.717171717171717571e+00 1.834593955545420207e-02 5.357401588954949223e-02 4.324283820314601956e-02 3.423167129070689430e-02 1.999398220866106801e-02 1.092591312585988218e-02 2.398303418114665353e-02 1.399204119662619816e-02
3.797979797979798455e+00 1.868754355645543125e-02 5.462808728581620976e-02 4.392448483713563140e-02 3.480509749250959572e-02 2.008574820688215079e-02 1.104583879596079087e-02 2.429485661634891644e-02 1.419555555266742604e-02
3.878787878787878896e+00 1.902705600501125235e-02 5.567789769025104085e-02 4.459802151890498306e-02 3.537286458175735449e-02 2.017382787321294474e-02 1.116306183577136374e-02 2.460111747691670972e-02 1.439612676959988423e-02
3.959595959595959780e+00 1.936449539610958157e-02 5.672347228120086515e-02 4.526358385152768476e-02 3.593505171198196901e-02 2.025842929052236799e-02 1.127766599194290724e-02 2.490195385705390799e-02 1.459381414625656251e-02
4.040404040404040664e+00 1.969988001525588631e-02 5.776483604390671850e-02 4.592130462456880946e-02 3.649173664906526365e-02 2.033974589397352650e-02 1.138973187281910535e-02 2.519749874134792622e-02 1.478867551441667531e-02
4.121212121212121993e+00 2.003322794130798709e-02 5.880201377228477105e-02 4.657131388106024172e-02 3.704299579953733434e-02 2.041795767067237227e-02 1.149933707854059253e-02 2.548788114205104149e-02 1.498076727982706850e-02
4.202020202020202433e+00 2.036455704927132848e-02 5.983503007071529212e-02 4.721373898276879505e-02 3.758890423824289700e-02 2.049323225068941032e-02 1.160655632575586030e-02 2.577322623171563604e-02 1.517014446202888736e-02
4.282828282828282873e+00 2.069388501304993480e-02 6.086390935580562878e-02 4.784870467380116649e-02 3.812953573539003271e-02 2.056572589981001467e-02 1.171146156711515458e-02 2.605365547131174159e-02 1.535686073302118364e-02
4.363636363636364202e+00 2.102122930815378959e-02 6.188867585812328487e-02 4.847633314258471826e-02 3.866496278299463851e-02 2.063558442339783264e-02 1.181412210572544905e-02 2.632928673395765196e-02 1.554096845479208816e-02
4.444444444444444642e+00 2.134660721436573011e-02 6.290935362392297003e-02 4.909674408226821773e-02 3.919525662073717470e-02 2.070294398986114240e-02 1.191460470474569461e-02 2.660023442439368377e-02 1.572251871574850343e-02
4.525252525252525970e+00 2.167003581836719761e-02 6.392596651685174269e-02 4.971005474957874287e-02 3.972048726124263046e-02 2.076793188139162624e-02 1.201297369230078411e-02 2.686660959432705595e-02 1.590156136607414478e-02
4.606060606060606410e+00 2.199153201632465110e-02 6.493853821963405104e-02 5.031638002217628941e-02 4.024072351479559412e-02 2.083066717889835162e-02 1.210929106189105424e-02 2.712852005377621584e-02 1.607814505204630678e-02
4.686868686868686851e+00 2.231111251643414992e-02 6.594709223573703982e-02 5.091583245454359835e-02 4.075603301351008595e-02 2.089126138738017432e-02 1.220361656847198176e-02 2.738607047854085125e-02 1.625231724933963798e-02
4.767676767676768179e+00 2.262879384142949674e-02 6.695165189102360304e-02 5.150852233244813255e-02 4.126648223495775480e-02 2.094981900736451325e-02 1.229600782037543541e-02 2.763936251392047627e-02 1.642412429534627696e-02
4.848484848484848619e+00 2.294459233104945151e-02 6.795224033537973496e-02 5.209455772601316592e-02 4.177213652527392990e-02 2.100643805748484902e-02 1.238652036724055376e-02 2.788849487480557152e-02 1.659361142054000676e-02
4.929292929292929948e+00 2.325852414447142705e-02 6.894888054433967461e-02 5.267404454143439357e-02 4.227306012175024996e-02 2.106121055276732185e-02 1.247520778411805725e-02 2.813356344225923650e-02 1.676082277891213085e-02
5.010101010101010388e+00 2.357060526270312109e-02 6.994159532066530904e-02 5.324708657137710438e-02 4.276931617492660265e-02 2.111422294274491532e-02 1.256212175190753351e-02 2.837466135670766929e-02 1.692580147750626790e-02
5.090909090909091717e+00 2.388085149094197612e-02 7.093040729594735083e-02 5.381378554408650094e-02 4.326096677019503067e-02 2.116555651311135752e-02 1.264731213428261190e-02 2.861187910785361818e-02 1.708858960507739916e-02
5.171717171717172157e+00 2.418927846089681880e-02 7.191533893215081019e-02 5.437424117124708967e-02 4.374807294892399390e-02 2.121528775426071919e-02 1.273082705125415381e-02 2.884530462142459450e-02 1.724922825990229600e-02
5.252525252525252597e+00 2.449590163307509977e-02 7.289641252317430320e-02 5.492855119462310143e-02 4.423069472911814182e-02 2.126348869973058303e-02 1.281271294951658556e-02 2.907502334286551915e-02 1.740775757676514546e-02
5.333333333333333925e+00 2.480073629903410334e-02 7.387365019637542884e-02 5.547681143150912098e-02 4.470889112562019541e-02 2.131022723727079779e-02 1.289301466971753095e-02 2.930111831808121514e-02 1.756421675314382910e-02
5.414141414141414366e+00 2.510379758360133107e-02 7.484707391408026989e-02 5.601911581902820070e-02 4.518272016987091161e-02 2.135556739499533396e-02 1.297177551078589064e-02 2.952367027133203509e-02 1.771864407461992696e-02
5.494949494949495694e+00 2.540510044705794612e-02 7.581670547509275493e-02 5.655555645730095393e-02 4.565223892923039872e-02 2.139956960483605994e-02 1.304903729144838223e-02 2.974275768038411871e-02 1.787107693953656970e-02
5.575757575757576134e+00 2.570465968729096842e-02 7.678256651616623130e-02 5.708622365152037081e-02 4.611750352587744989e-02 2.144229094530362631e-02 1.312484040905978304e-02 2.995845684900974928e-02 1.802155188292612828e-02
5.656565656565657463e+00 2.600248994191456733e-02 7.774467851347491298e-02 5.761120595295905061e-02 4.657856915529434011e-02 2.148378536536827907e-02 1.319922389586675182e-02 3.017084197693388481e-02 1.817010459972996997e-02
5.737373737373737903e+00 2.629860569035648993e-02 7.870306278406939693e-02 5.813059019893750123e-02 4.703549010434396327e-02 2.152410389110110192e-02 1.327222547282065103e-02 3.037998522731789192e-02 1.831676996733197504e-02
5.818181818181818343e+00 2.659302125591498853e-02 7.965774048729833134e-02 5.864446155178101167e-02 4.748831976895578205e-02 2.156329481656028488e-02 1.334388160105008832e-02 3.058595679186828717e-02 1.846158206742672114e-02
5.898989898989899672e+00 2.688575080778642795e-02 8.060873262624784763e-02 5.915290353679307500e-02 4.793711067142025772e-02 2.160140388026825578e-02 1.341422753109865196e-02 3.078882495365805813e-02 1.860457420724227068e-02
5.979797979797980112e+00 2.717680836305847586e-02 8.155606004913330820e-02 5.965599807926835751e-02 4.838191447731101519e-02 2.163847442849916800e-02 1.348329735002954527e-02 3.098865614774120800e-02 1.874577894013734411e-02
6.060606060606061440e+00 2.746620778867936083e-02 8.249974345069087389e-02 6.015382554057550901e-02 4.882278201203472945e-02 2.167454756648365746e-02 1.355112402649393845e-02 3.118551501964330827e-02 1.888522808559271043e-02
6.141414141414141881e+00 2.775396280339181843e-02 8.343980337356714239e-02 6.064646475332958336e-02 4.925976327702256963e-02 2.170966229853580134e-02 1.361773945385575529e-02 3.137946448180280179e-02 1.902295274861454805e-02
6.222222222222222321e+00 2.804008697964329236e-02 8.437626020966690343e-02 6.113399305568235909e-02 4.969290746557170763e-02 2.174385565801532916e-02 1.368317449146160686e-02 3.157056576804070230e-02 1.915898333856817098e-02
6.303030303030303649e+00 2.832459374546445266e-02 8.530913420150279536e-02 6.161648632475139747e-02 5.012226297833956290e-02 2.177716282795568239e-02 1.374745900414046408e-02 3.175887848612813508e-02 1.929334958746027964e-02
6.383838383838384090e+00 2.860749638632236608e-02 8.623844544353907737e-02 6.209401900921209666e-02 5.054787743850765874e-02 2.180961725311349880e-02 1.381062190001377393e-02 3.194446066852386218e-02 1.942608056768541439e-02
6.464646464646465418e+00 2.888880804694400270e-02 8.716421388349933352e-02 6.256666416107536932e-02 5.096979770661435455e-02 2.184125074412797754e-02 1.387269116669340857e-02 3.212736882134731992e-02 1.955720470925456644e-02
6.545454545454545858e+00 2.916854173311508869e-02 8.808645932368031062e-02 6.303449346667039377e-02 5.138806989506811834e-02 2.187209357441740470e-02 1.393369390594082109e-02 3.230765797165299769e-02 1.968674981652101044e-02
6.626262626262627187e+00 2.944671031345037424e-02 8.900520142224369047e-02 6.349757727685781394e-02 5.180273938235183812e-02 2.190217457038533613e-02 1.399365636685775266e-02 3.248538171306787625e-02 1.981474308441933188e-02
6.707070707070707627e+00 2.972332652113974377e-02 8.992045969448989040e-02 6.395598463648863308e-02 5.221385082691683971e-02 2.193152119545869680e-02 1.405260397767559878e-02 3.266059224985285586e-02 1.994121111423264453e-02
6.787878787878788067e+00 2.999840295566746917e-02 9.083225351413000415e-02 6.440978331313394756e-02 5.262144818078300784e-02 2.196015962843535924e-02 1.411056137620680766e-02 3.283334043944607233e-02 2.006617992890235430e-02
6.868686868686869396e+00 3.027195208450691316e-02 9.174060211453355373e-02 6.485903982510159149e-02 5.302557470284660623e-02 2.198811483657744231e-02 1.416755243901983430e-02 3.300367583354306411e-02 2.018967498789510373e-02
6.949494949494949836e+00 3.054398624478992311e-02 9.264552458997647733e-02 6.530381946875978005e-02 5.342627297190266633e-02 2.201541064384985452e-02 1.422360030939520681e-02 3.317164671776953039e-02 2.031172120163995953e-02
7.030303030303031164e+00 3.081451764495255277e-02 9.354703989685497767e-02 6.574418634518733318e-02 5.382358489939145091e-02 2.204206979466971986e-02 1.427872742411808414e-02 3.333730014999635588e-02 2.043234294555005409e-02
7.111111111111111605e+00 3.108355836635571037e-02 9.444516685491553820e-02 6.618020338616573128e-02 5.421755174187202486e-02 2.206811401350170648e-02 1.433295553916017102e-02 3.350068199734838881e-02 2.055156407364046658e-02
7.191919191919192933e+00 3.135112036488415382e-02 9.533992414844076613e-02 6.661193237953354218e-02 5.460821411323221741e-02 2.209356406060684896e-02 1.438630575430108367e-02 3.366183697195430924e-02 2.066940793175562480e-02
7.272727272727273373e+00 3.161721547251974962e-02 9.623133032745349869e-02 6.703943399391788793e-02 5.499561199663951377e-02 2.211843978422665946e-02 1.443879853673687812e-02 3.382080866548390491e-02 2.078589737041807578e-02
7.353535353535353813e+00 3.188185539889414055e-02 9.711940380888268998e-02 6.746276780286114549e-02 5.537978475623761554e-02 2.214276016946187600e-02 1.449045374372165927e-02 3.397763958251763527e-02 2.090105475731011617e-02
7.434343434343435142e+00 3.214505173281710648e-02 9.800416287773550117e-02 6.788199230835730014e-02 5.576077114859846057e-02 2.216654338408376168e-02 1.454129064428525027e-02 3.413237117279022126e-02 2.101490198939998111e-02
7.515151515151515582e+00 3.240681594378471558e-02 9.888562568824932342e-02 6.829716496381596502e-02 5.613860933393091668e-02 2.218980682149714403e-02 1.459132794006873755e-02 3.428504386235144141e-02 2.112746050472319795e-02
7.595959595959596911e+00 3.266715938346407416e-02 9.976381026502983973e-02 6.870834219646529406e-02 5.651333688705429542e-02 2.221256714105671048e-02 1.464058378531690914e-02 3.443569708368117432e-02 2.123875129383002991e-02
7.676767676767677351e+00 3.292609328715810635e-02 1.006387345041850762e-01 6.911557942921413289e-02 5.688499080814220926e-02 2.223484030592224811e-02 1.468907580606543771e-02 3.458436930479915489e-02 2.134879491090904691e-02
7.757575757575757791e+00 3.318362877524760196e-02 1.015104161744435352e-01 6.951893110198251180e-02 5.725360753324133106e-02 2.225664161862421497e-02 1.473682111855834954e-02 3.473109805740496464e-02 2.145761148459705489e-02
7.838383838383839120e+00 3.343977685461397426e-02 1.023788729182563279e-01 6.991845069251835521e-02 5.761922294456869181e-02 2.227798575449719057e-02 1.478383634692999327e-02 3.487591996408339473e-02 2.156522072848462979e-02
7.919191919191919560e+00 3.369454842004123568e-02 1.032441222528992647e-01 7.031419073671087150e-02 5.798187238059639842e-02 2.229888679312731423e-02 1.483013764018391648e-02 3.501887076460966086e-02 2.167164195132710927e-02
8.000000000000000000e+00 3.394795425559830881e-02 1.041061815715510347e-01 7.070620284841570846e-02 5.834159064592593646e-02 2.231935824794802070e-02 1.487574068849966367e-02 3.515998534138729120e-02 2.177689406696952865e-02
